---- light / ericw-tools v0.18.1 ----
Raytracing backend: Embree
running with 8 threads
LoadBSPFile: 'corruptrealm.bsp'
BSP is version 29
--- LoadEntities ---
WARNING: brush entity with mins (1340.16 612.84 -101) maxs (1360.35 625.63 -59.) (func_door) has empty key/value "angle" ""
WARNING: brush entity with mins (1317.98 416.86 71.8) maxs (1474.98 459.23 147.) (func_door) has unmatched "target" (stairs_path)
WARNING: brush entity with mins (2146.28 -3040.56 -1) maxs (2159.07 -3027.77 -1) (func_button) has empty key/value "message" ""
WARNING: brush entity with mins (2915.42 -2818.70 -3) maxs (2928.21 -2805.91 -3) (func_button) has empty key/value "message" ""
33 entities read, 0 are lights.
--- OptionsSummary ---
Embree_TraceInit: Embree version: 2.15.0
Embree_TraceInit:
	706 sky faces
	16099 solid faces
	0 filtered faces
	0 shadow-casting skip faces
SetupLights: 0 initial lights
SetupLights: 0 after surface lights
SetupLights: 0 after jittering
--- EstimateLightVisibility ---

Final count: 0 lights 0 suns in use.
--- LightWorld ---
0....1....2....3....4....5....6....7....8....9....
Lighting Completed.

lightdatasize: 0
0 switchable light styles (32 max)
Writing corruptrealm.bsp as BSP version 29
1.432 seconds elapsed

stats:
0.000000 lights tested, 0.000000 hits per sample point
0.000000 bounce lights tested, 0.000000 hits per sample point
0 empty lightmaps
